[francokees94.wixsite.com/portfolio.html]
[static.parastorage.com/unpkg/core-js-bundle@3.2.1/minified.js]
[static.parastorage.com/unpkg/focus-within-polyfill@5.0.9/dist/focus-within-polyfill.js]
[backblue.gif]
[fade.gif]
[index.html]
[polyfill.io/v3/polyfill.mind82c.js]
[francokees94.wixsite.com/47b73115.min.css]
[francokees94.wixsite.com/1a3ca2ee.min.css]
[francokees94.wixsite.com/16e44c05.min.css]
[francokees94.wixsite.com/6ac53ab7.min.css]
[francokees94.wixsite.com/02595569.min.css]
[francokees94.wixsite.com/e5861f41.min.css]
[francokees94.wixsite.com/c53e42d7.min.css]
[francokees94.wixsite.com/da6c52cb.min.css]
[francokees94.wixsite.com/3d2759f7.min.css]
[francokees94.wixsite.com/960c3a88.min.css]
[francokees94.wixsite.com/390543ac.min.css]
[francokees94.wixsite.com/2f9aeb85.min.css]
[francokees94.wixsite.com/f36661fb.min.css]
[francokees94.wixsite.com/aa613bd1.min.css]
[francokees94.wixsite.com/395efea1.min.css]
[francokees94.wixsite.com/6daaad8b.min.css]
[francokees94.wixsite.com/bf91693c.min.css]
[francokees94.wixsite.com/b4ae8803.min.css]
[francokees94.wixsite.com/62ccedec.min.css]
[francokees94.wixsite.com/ae08c227.min.css]
[francokees94.wixsite.com/11f27093.min.css]
[francokees94.wixsite.com/9b155e90.min.css]
[francokees94.wixsite.com/4ec2545d.min.css]
[francokees94.wixsite.com/1bbe301d.min.css]
[francokees94.wixsite.com/e78a13b3.min.css]
[francokees94.wixsite.com/b604fd33.min.css]
[francokees94.wixsite.com/48c6d58d.min.css]
[francokees94.wixsite.com/439c90c8.min.css]
[francokees94.wixsite.com/cd69f57c.min.css]
[francokees94.wixsite.com/bc223d50.min.css]
[francokees94.wixsite.com/bc2466c0.min.css]
[francokees94.wixsite.com/5d7b6bbf.min.css]
[francokees94.wixsite.com/3fdab364.min.css]
[francokees94.wixsite.com/20d93486.min.css]
[francokees94.wixsite.com/9692b4a8.min.css]
[francokees94.wixsite.com/914012ea.min.css]
[francokees94.wixsite.com/ffa0eb8f.min.css]
[francokees94.wixsite.com/fe8be6d6.min.css]
[francokees94.wixsite.com/a28cca36.min.css]
[francokees94.wixsite.com/02b07b80.min.css]
[francokees94.wixsite.com/265e9a4a.min.css]
[francokees94.wixsite.com/ff342417.min.css]
[francokees94.wixsite.com/2a1582d7.min.css]
[francokees94.wixsite.com/eb321d93.min.css]
[francokees94.wixsite.com/06cfef68.min.css]
[francokees94.wixsite.com/49a18e23.min.css]
[francokees94.wixsite.com/2467b183.min.css]
[francokees94.wixsite.com/f9fd7cbe.min.css]
[francokees94.wixsite.com/e142d0f4.min.css]
[francokees94.wixsite.com/96a73741.min.css]
[francokees94.wixsite.com/4c758e80.min.css]
[francokees94.wixsite.com/44b62fdc.min.css]
[francokees94.wixsite.com/7f8c7c3e.min.css]
[francokees94.wixsite.com/fbbc0ea4.min.css]
[francokees94.wixsite.com/5d29307d.min.css]
[francokees94.wixsite.com/85af43ab.min.css]
[francokees94.wixsite.com/7010eb60.min.css]
[francokees94.wixsite.com/566bec70.min.css]
[francokees94.wixsite.com/fc40122e.min.css]
[francokees94.wixsite.com/45242c23.min.css]
[francokees94.wixsite.com/0efca64c.min.css]
[francokees94.wixsite.com/42ccdc69.min.css]
[francokees94.wixsite.com/4ea3b970.min.css]
[francokees94.wixsite.com/0ee85551.min.css]
[francokees94.wixsite.com/085f85ee.min.css]
[francokees94.wixsite.com/fc21aae5.min.css]
[francokees94.wixsite.com/641eb53d.min.css]
[francokees94.wixsite.com/cabcae51.min.css]
[francokees94.wixsite.com/b66c178d.min.css]
[francokees94.wixsite.com/c7fdedca.min.css]
[francokees94.wixsite.com/ce9dcea4.min.css]
[francokees94.wixsite.com/bc497b45.min.css]
[francokees94.wixsite.com/2acb415c.min.css]
[francokees94.wixsite.com/7d6cd51b.min.css]
[francokees94.wixsite.com/16e57088.min.css]
[francokees94.wixsite.com/0a1c073a.min.css]
[francokees94.wixsite.com/1ac8fc0f.min.css]
[francokees94.wixsite.com/e5d84163.min.css]
[francokees94.wixsite.com/d5f023bb.min.css]
[francokees94.wixsite.com/d820de38.min.css]
[francokees94.wixsite.com/012dc85e.min.css]
[francokees94.wixsite.com/9d29a199.min.css]
[francokees94.wixsite.com/381ee71b.min.css]
[francokees94.wixsite.com/bf413556.min.css]
[francokees94.wixsite.com/316080a6.min.css]
[francokees94.wixsite.com/51a9742f.min.css]
[francokees94.wixsite.com/bf732f1f.min.css]
[francokees94.wixsite.com/99f4b3eb.min.css]
[francokees94.wixsite.com/a545d558.min.css]
[francokees94.wixsite.com/76eac8fb.min.css]
[francokees94.wixsite.com/5346ce3f.min.css]
[francokees94.wixsite.com/f658a9c4.min.css]
[francokees94.wixsite.com/7c9ceb1e.min.css]
[francokees94.wixsite.com/aa72298b.min.css]
[francokees94.wixsite.com/6ea2cb1c.min.css]
[francokees94.wixsite.com/a9c2732c.min.css]
[francokees94.wixsite.com/93e61b80.min.css]
[francokees94.wixsite.com/4bbd8d4f.min.css]
[francokees94.wixsite.com/f4297adc.min.css]
[francokees94.wixsite.com/f3af5621.min.68.delayed]
[francokees94.wixsite.com/23167c06.min.css]
[francokees94.wixsite.com/4c919285.min.css]
[francokees94.wixsite.com/99e902d9.min.css]
[francokees94.wixsite.com/7761d6fc.min.css]
[francokees94.wixsite.com/164e68d9.min.css]
[francokees94.wixsite.com/40e5d5cf.min.css]
[francokees94.wixsite.com/7c602eb2.min.css]
[francokees94.wixsite.com/6b4c7217.min.css]
[francokees94.wixsite.com/5b26625f.min.css]
[francokees94.wixsite.com/2e327647.min.css]
[francokees94.wixsite.com/4a6a7fc9.min.css]
[francokees94.wixsite.com/f52e40aa.min.css]
[francokees94.wixsite.com/29ef3ea9.min.css]
[francokees94.wixsite.com/8a33f286.min.css]
[francokees94.wixsite.com/a1e4335b.min.css]
[francokees94.wixsite.com/67b7c77e.min.css]
[francokees94.wixsite.com/b8760986.min.css]
[francokees94.wixsite.com/37bd0eeb.min.css]
[francokees94.wixsite.com/8d04f72e.min.css]
[francokees94.wixsite.com/84c587cd.min.css]
[francokees94.wixsite.com/ba7d2620.min.css]
[francokees94.wixsite.com/41f1fa78.min.css]
[francokees94.wixsite.com/3e581339.min.css]
[francokees94.wixsite.com/a2f0f523.min.css]
[francokees94.wixsite.com/86aca973.min.css]
[francokees94.wixsite.com/7c1692b1.min.css]
[francokees94.wixsite.com/8005d5c1.min.css]
[francokees94.wixsite.com/0e20a470.min.css]
[francokees94.wixsite.com/c9b5bd15.min.css]
[francokees94.wixsite.com/8c688a9d.min.css]
[francokees94.wixsite.com/6b1e299b.min.css]
[francokees94.wixsite.com/11d68990.min.css]
[francokees94.wixsite.com/3f166307.min.css]
[francokees94.wixsite.com/1355ec40.min.css]
[francokees94.wixsite.com/48220e7a.min.css]
[francokees94.wixsite.com/eca71e40.min.css]
[francokees94.wixsite.com/024f5250.min.css]
[francokees94.wixsite.com/54e8ad37.min.css]
[francokees94.wixsite.com/c79634ce.min.css]
[francokees94.wixsite.com/036d1c2c.min.css]
[francokees94.wixsite.com/04c30725.min.css]
[francokees94.wixsite.com/685dda1c.min.css]
[francokees94.wixsite.com/ad3a6151.min.css]
[francokees94.wixsite.com/b43bc41a.min.css]
[francokees94.wixsite.com/aff3efe3.min.css]
[francokees94.wixsite.com/44306cc3.min.css]
[francokees94.wixsite.com/f08a1c03.min.css]
[francokees94.wixsite.com/6818c64c.min.css]
[francokees94.wixsite.com/4fa4a352.min.css]
[francokees94.wixsite.com/97d7cd97.min.css]
[francokees94.wixsite.com/a1e76019.min.css]
[francokees94.wixsite.com/b4bc6361.min.css]
[francokees94.wixsite.com/9eed3e82.min.css]
[francokees94.wixsite.com/ce776e38.min.css]
[francokees94.wixsite.com/4a43b954.min.css]
[francokees94.wixsite.com/799d016a.min.css]
[francokees94.wixsite.com/c434348a.min.css]
[francokees94.wixsite.com/4038e1e2.min.css]
[francokees94.wixsite.com/c24f5e69.min.css]
[francokees94.wixsite.com/8ab00128.min.css]
[francokees94.wixsite.com/45eee88d.min.css]
[francokees94.wixsite.com/7df86004.min.css]
[francokees94.wixsite.com/145b5660.min.css]
[francokees94.wixsite.com/3e624017.min.css]
[francokees94.wixsite.com/eb810a4a.min.css]
[francokees94.wixsite.com/81ed76c3.min.css]
[francokees94.wixsite.com/6fe867cc.min.css]
[francokees94.wixsite.com/d1f9c7e6.min.css]
[francokees94.wixsite.com/34377b4a.min.css]
[francokees94.wixsite.com/36c7b16b.min.css]
[francokees94.wixsite.com/b0da3a19.min.css]
[francokees94.wixsite.com/70e8afa8.min.css]
[francokees94.wixsite.com/9c39b1d1.min.css]
[francokees94.wixsite.com/59f9faa0.min.css]
[francokees94.wixsite.com/b92ba9ff.min.css]
[francokees94.wixsite.com/91e61dab.min.css]
[francokees94.wixsite.com/41f245d4.min.css]
[francokees94.wixsite.com/e24e08e7.min.css]
[francokees94.wixsite.com/a86a8070.min.css]
[francokees94.wixsite.com/65997748.min.css]
[francokees94.wixsite.com/13eb5276.min.css]
[francokees94.wixsite.com/2978359e.min.css]
[francokees94.wixsite.com/4b1f6567.min.css]
[francokees94.wixsite.com/4e6fba8d.min.css]
[francokees94.wixsite.com/883064bf.min.css]
[francokees94.wixsite.com/55fd4990.min.css]
[francokees94.wixsite.com/882dfccd.min.css]
[francokees94.wixsite.com/70efe3c5.min.css]
[francokees94.wixsite.com/6d011635.min.css]
[francokees94.wixsite.com/af38aead.min.css]
[francokees94.wixsite.com/39cfb47d.min.css]
[francokees94.wixsite.com/1a1f2ab9.min.css]
[francokees94.wixsite.com/5ed4e092.min.css]
[francokees94.wixsite.com/75512b1a.min.css]
[francokees94.wixsite.com/2a38244f.min.css]
[francokees94.wixsite.com/837e8139.min.css]
[francokees94.wixsite.com/f8ec65c6.min.css]
[francokees94.wixsite.com/913e0517.min.css]
[francokees94.wixsite.com/2ce475e3.min.css]
[francokees94.wixsite.com/96f4b814.min.cc.delayed]
[francokees94.wixsite.com/efcd8729.min.css]
[francokees94.wixsite.com/0ebb4539.min.css]
[francokees94.wixsite.com/c9371416.min.css]
[francokees94.wixsite.com/84fca3f0.min.css]
[francokees94.wixsite.com/44b60e9d.min.css]
[francokees94.wixsite.com/48e483a5.min.css]
[francokees94.wixsite.com/100a01ba.min.css]
[francokees94.wixsite.com/dba31346.min.css]
[francokees94.wixsite.com/5a61fee8.min.css]
[francokees94.wixsite.com/6010b816.min.css]
[francokees94.wixsite.com/99e9084d.min.css]
[francokees94.wixsite.com/39cdb6e7.min.css]
[francokees94.wixsite.com/98f5e34d.min.css]
[francokees94.wixsite.com/4bd62377.min.css]
[francokees94.wixsite.com/f6b4449f.min.css]
[francokees94.wixsite.com/692d3cfd.min.css]
[francokees94.wixsite.com/dda10bbb.min.css]
[francokees94.wixsite.com/826aa068.min.css]
[francokees94.wixsite.com/71561e01.min.css]
[francokees94.wixsite.com/2aa93db9.min.css]
[francokees94.wixsite.com/ac1f0c83.min.css]
[francokees94.wixsite.com/3fc3aa14.min.css]
[francokees94.wixsite.com/eed9660c.min.css]
[francokees94.wixsite.com/e98ddd9c.min.css]
[francokees94.wixsite.com/9f54505f.min.css]
[francokees94.wixsite.com/82a3c6bd.min.css]
[francokees94.wixsite.com/959e5e9e.min.css]
[francokees94.wixsite.com/c6933345.min.css]
[francokees94.wixsite.com/7ac66a81.min.css]
[francokees94.wixsite.com/7f6e9aff.min.css]
[francokees94.wixsite.com/7197ceeb.min.css]
[francokees94.wixsite.com/4d761874.min.css]
[francokees94.wixsite.com/57ee110f.min.css]
[francokees94.wixsite.com/723e4fed.min.css]
[francokees94.wixsite.com/7d0d5475.min.css]
[francokees94.wixsite.com/d9e9ecf4.min.css]
[francokees94.wixsite.com/4d71157d.min.css]
[francokees94.wixsite.com/30611ad6.min.css]
[francokees94.wixsite.com/3107aee2.min.css]
[francokees94.wixsite.com/add763df.min.css]
[francokees94.wixsite.com/20a005d9.min.css]
[francokees94.wixsite.com/f12c724d.min.css]
[francokees94.wixsite.com/767a7565.min.css]
[francokees94.wixsite.com/6dd0b2ab.min.css]
[francokees94.wixsite.com/60e6c2a9.min.css]
[francokees94.wixsite.com/6bd04466.min.css]
[francokees94.wixsite.com/e356d735.min.css]
[francokees94.wixsite.com/1fef0d1f.min.css]
[francokees94.wixsite.com/4e9ee1a3.min.css]
[francokees94.wixsite.com/8845e14b.min.css]
[francokees94.wixsite.com/a7d5ac4b.min.css]
[francokees94.wixsite.com/015a530e.min.css]
[francokees94.wixsite.com/b6e3e82f.min.css]
[francokees94.wixsite.com/731d5bce.min.css]
[francokees94.wixsite.com/c61ac2b6.min.css]
[francokees94.wixsite.com/c9d89f77.min.css]
[francokees94.wixsite.com/77753e29.min.css]
[francokees94.wixsite.com/2a3ba4df.min.css]
[francokees94.wixsite.com/1150efce.min.css]
[francokees94.wixsite.com/dbfd66d7.min.css]
[francokees94.wixsite.com/e1813de1.min.css]
[francokees94.wixsite.com/34b72cf9.min.css]
[francokees94.wixsite.com/5d684912.min.css]
[francokees94.wixsite.com/07d43a5b.min.css]
[francokees94.wixsite.com/74e60b57.min.css]
[francokees94.wixsite.com/71b202df.min.css]
[francokees94.wixsite.com/1e24bd4a.min.css]
[francokees94.wixsite.com/d078781b.min.css]
[francokees94.wixsite.com/9a8b46cf.min.css]
[francokees94.wixsite.com/f4071404.min.css]
[francokees94.wixsite.com/a4efbb1a.min.css]
[francokees94.wixsite.com/b69a6dca.min.css]
[francokees94.wixsite.com/a8cea7d1.min.css]
[francokees94.wixsite.com/9b7ffe32.min.css]
[francokees94.wixsite.com/0e2bff6a.min.css]
[francokees94.wixsite.com/8a3174ea.min.css]
[francokees94.wixsite.com/56b396e1.min.css]
[francokees94.wixsite.com/e31c9edb.min.css]
[francokees94.wixsite.com/270ecc94.min.css]
[francokees94.wixsite.com/aae8f9e8.min.css]
[francokees94.wixsite.com/148a549f.min.css]
[francokees94.wixsite.com/243dde79.min.css]
[francokees94.wixsite.com/4b77444e.min.css]
[francokees94.wixsite.com/debda15f.min.css]
[francokees94.wixsite.com/c8e351db.min.css]
[francokees94.wixsite.com/25adc72e.min.css]
[francokees94.wixsite.com/ad3c03fe.min.css]
[francokees94.wixsite.com/696515ba.min.css]
[francokees94.wixsite.com/a6264646.chunk.min.js]
[francokees94.wixsite.com/929216f3.chunk.min.js]
[francokees94.wixsite.com/b67be98e.chunk.min.js]
[francokees94.wixsite.com/9b7d0bb5.chunk.min.js]
[francokees94.wixsite.com/rb_wixui.thunderbolt_bootstrap-classic.db48ef07.chunk.min.js]
[francokees94.wixsite.com/rb_wixui.thunderbolt_bootstrap-responsive.a66c1914.chunk.min.css]
[francokees94.wixsite.com/rb_wixui.thunderbolt_bootstrap-responsive.b67be98e.chunk.min.js]
[francokees94.wixsite.com/rb_wixui.thunderbolt_common-site-members-dialogs.d78bf087.chunk.min.css]
[francokees94.wixsite.com/rb_wixui.thunderbolt_common-site-members-dialogs.9b7d0bb5.chunk.min.js]
[francokees94.wixsite.com/rb_wixui.thunderbolt_bootstrap.15f0deb3.chunk.min.css]
[francokees94.wixsite.com/rb_wixui.thunderbolt_bootstrap.a6264646.chunk.min.js]
[francokees94.wixsite.com/rb_wixui.corvid_core.6a57e989.chunk.min.130.delayed]
[francokees94.wixsite.com/rb_wixui.thunderbolt_mobile.eea54e4b.chunk.min.css]
[francokees94.wixsite.com/decodeURIComponent(e]
[browser.sentry-cdn.com/6.13.3/bundle.min.js]
[francokees94.wixsite.com/sitemap.xml]
[francokees94.wixsite.com/feed.xml]
[static.parastorage.com/services/wix-thunderbolt/dist/bootstrap-features.a164e0da.bundle.min.js]
[static.parastorage.com/services/wix-thunderbolt/dist/main.19f97547.bundle.min.js]
[static.parastorage.com/unpkg/lodash@4.17.21/lodash.min.js]
[static.parastorage.com/unpkg/react@16.13.1/umd/react.production.min.js]
[static.parastorage.com/services/tag-manager-client/1.427.0/siteTags.bundle.min.js]
[static.parastorage.com/services/wix-perf-measure/1.641.0/wix-perf-measure.bundle.min.js]
[francokees94.wixsite.com/index.html]
[static.parastorage.com/unpkg/react-dom@16.13.1/umd/react-dom.production.min.js]
[francokees94.wixsite.com/version/index.html]
[francokees94.wixsite.com/portfolio/animations.html]
[francokees94.wixsite.com/portfolio/proyecto-01.html]
[francokees94.wixsite.com/portfolioc69a.html]
[francokees94.wixsite.com/portfolio/video-games.html]
[static.parastorage.com/services/linguist-flags/1.663.0/assets/flags/round/USA.png]
[static.parastorage.com/services/linguist-flags/1.663.0/assets/flags/round/ESP.png]
[francokees94.wixsite.com/portfolio/contact.html]
[static.wixstatic.com/media/0e2442_87d0ccd9e923457aad6e8b649cabcc28f000.jpg/v1/fill/w_244,h_137,al_c,q_80,usm_0.66_1.00_0.01,blur_2/0e2442_87d0ccd9e923457aad6e8b649cabcc28f000.jpg]
[static.wixstatic.com/media/0e2442_9a1976a509c4408cb1b8160faae8d7fff000.jpg/v1/fill/w_186,h_105,al_c,q_80,usm_0.66_1.00_0.01,blur_3/0e2442_9a1976a509c4408cb1b8160faae8d7fff000.jpg]
[static.wixstatic.com/media/0e2442_4b92593257924e8eaf7a640c72931eebf000.jpg/v1/fill/w_184,h_104,al_c,q_80,usm_0.66_1.00_0.01,blur_3/0e2442_4b92593257924e8eaf7a640c72931eebf000.jpg]
[static.wixstatic.com/media/0e2442_6481caa16566435bad001013e4bed1a4_mv2.gif]
[static.wixstatic.com/media/0e2442_7297070622ae427a8bcfe8dac62e5f6a_mv2.gif]
[francokees94.wixsite.com/portfolio.html]
[francokees94.wixsite.com/47b73115.min.html]
[francokees94.wixsite.com/1a3ca2ee.min.html]
[francokees94.wixsite.com/16e44c05.min.html]
[francokees94.wixsite.com/6ac53ab7.min.html]
[francokees94.wixsite.com/02595569.min.html]
[francokees94.wixsite.com/e5861f41.min.html]
[francokees94.wixsite.com/c53e42d7.min.html]
[francokees94.wixsite.com/da6c52cb.min.html]
[francokees94.wixsite.com/3d2759f7.min.html]
[francokees94.wixsite.com/960c3a88.min.html]
[francokees94.wixsite.com/390543ac.min.html]
[francokees94.wixsite.com/2f9aeb85.min.html]
[francokees94.wixsite.com/f36661fb.min.html]
[francokees94.wixsite.com/aa613bd1.min.html]
[francokees94.wixsite.com/395efea1.min.html]
[francokees94.wixsite.com/6daaad8b.min.html]
[francokees94.wixsite.com/bf91693c.min.html]
[francokees94.wixsite.com/b4ae8803.min.html]
[francokees94.wixsite.com/62ccedec.min.html]
[francokees94.wixsite.com/ae08c227.min.html]
[francokees94.wixsite.com/11f27093.min.html]
[francokees94.wixsite.com/9b155e90.min.html]
[francokees94.wixsite.com/4ec2545d.min.html]
[francokees94.wixsite.com/1bbe301d.min.html]
[francokees94.wixsite.com/e78a13b3.min.html]
[francokees94.wixsite.com/b604fd33.min.html]
[francokees94.wixsite.com/48c6d58d.min.html]
[francokees94.wixsite.com/439c90c8.min.html]
[francokees94.wixsite.com/cd69f57c.min.html]
[francokees94.wixsite.com/bc223d50.min.html]
[francokees94.wixsite.com/bc2466c0.min.html]
[francokees94.wixsite.com/5d7b6bbf.min.html]
[francokees94.wixsite.com/3fdab364.min.html]
[francokees94.wixsite.com/20d93486.min.html]
[francokees94.wixsite.com/9692b4a8.min.html]
[francokees94.wixsite.com/914012ea.min.html]
[francokees94.wixsite.com/ffa0eb8f.min.html]
[francokees94.wixsite.com/fe8be6d6.min.html]
[francokees94.wixsite.com/a28cca36.min.html]
[francokees94.wixsite.com/02b07b80.min.html]
[francokees94.wixsite.com/265e9a4a.min.html]
[francokees94.wixsite.com/ff342417.min.html]
[francokees94.wixsite.com/2a1582d7.min.html]
[francokees94.wixsite.com/eb321d93.min.html]
[francokees94.wixsite.com/06cfef68.min.html]
[francokees94.wixsite.com/49a18e23.min.html]
[francokees94.wixsite.com/2467b183.min.html]
[francokees94.wixsite.com/f9fd7cbe.min.html]
[francokees94.wixsite.com/e142d0f4.min.html]
[francokees94.wixsite.com/96a73741.min.html]
[francokees94.wixsite.com/4c758e80.min.html]
[francokees94.wixsite.com/44b62fdc.min.html]
[francokees94.wixsite.com/7f8c7c3e.min.html]
[francokees94.wixsite.com/fbbc0ea4.min.html]
[francokees94.wixsite.com/5d29307d.min.html]
[francokees94.wixsite.com/85af43ab.min.html]
[francokees94.wixsite.com/7010eb60.min.html]
[francokees94.wixsite.com/566bec70.min.html]
[francokees94.wixsite.com/fc40122e.min.html]
[francokees94.wixsite.com/45242c23.min.html]
[francokees94.wixsite.com/0efca64c.min.html]
[francokees94.wixsite.com/42ccdc69.min.html]
[francokees94.wixsite.com/4ea3b970.min.html]
[francokees94.wixsite.com/0ee85551.min.html]
[francokees94.wixsite.com/085f85ee.min.html]
[francokees94.wixsite.com/fc21aae5.min.html]
[francokees94.wixsite.com/641eb53d.min.html]
[francokees94.wixsite.com/cabcae51.min.html]
[francokees94.wixsite.com/b66c178d.min.html]
[francokees94.wixsite.com/c7fdedca.min.html]
[francokees94.wixsite.com/ce9dcea4.min.html]
[francokees94.wixsite.com/bc497b45.min.html]
[francokees94.wixsite.com/2acb415c.min.html]
[francokees94.wixsite.com/7d6cd51b.min.html]
[francokees94.wixsite.com/16e57088.min.html]
[francokees94.wixsite.com/0a1c073a.min.html]
[francokees94.wixsite.com/1ac8fc0f.min.html]
[francokees94.wixsite.com/e5d84163.min.html]
[francokees94.wixsite.com/d5f023bb.min.html]
[francokees94.wixsite.com/d820de38.min.html]
[francokees94.wixsite.com/012dc85e.min.html]
[francokees94.wixsite.com/9d29a199.min.html]
[francokees94.wixsite.com/381ee71b.min.html]
[francokees94.wixsite.com/bf413556.min.html]
[francokees94.wixsite.com/316080a6.min.html]
[francokees94.wixsite.com/51a9742f.min.html]
[francokees94.wixsite.com/bf732f1f.min.html]
[francokees94.wixsite.com/99f4b3eb.min.html]
[francokees94.wixsite.com/a545d558.min.html]
[francokees94.wixsite.com/76eac8fb.min.html]
[francokees94.wixsite.com/5346ce3f.min.html]
[francokees94.wixsite.com/f658a9c4.min.html]
[francokees94.wixsite.com/7c9ceb1e.min.html]
[francokees94.wixsite.com/aa72298b.min.html]
[francokees94.wixsite.com/6ea2cb1c.min.html]
[francokees94.wixsite.com/a9c2732c.min.html]
[francokees94.wixsite.com/93e61b80.min.html]
[francokees94.wixsite.com/4bbd8d4f.min.html]
[francokees94.wixsite.com/f4297adc.min.html]
[francokees94.wixsite.com/f3af5621.min.html]
[francokees94.wixsite.com/23167c06.min.html]
[francokees94.wixsite.com/4c919285.min.html]
[francokees94.wixsite.com/99e902d9.min.html]
[francokees94.wixsite.com/7761d6fc.min.html]
[francokees94.wixsite.com/164e68d9.min.html]
[francokees94.wixsite.com/40e5d5cf.min.html]
[francokees94.wixsite.com/7c602eb2.min.html]
[francokees94.wixsite.com/6b4c7217.min.html]
[francokees94.wixsite.com/5b26625f.min.html]
[francokees94.wixsite.com/2e327647.min.html]
[francokees94.wixsite.com/4a6a7fc9.min.html]
[francokees94.wixsite.com/f52e40aa.min.html]
[francokees94.wixsite.com/29ef3ea9.min.html]
[francokees94.wixsite.com/8a33f286.min.html]
[francokees94.wixsite.com/a1e4335b.min.html]
[francokees94.wixsite.com/67b7c77e.min.html]
[francokees94.wixsite.com/b8760986.min.html]
[francokees94.wixsite.com/37bd0eeb.min.html]
[francokees94.wixsite.com/8d04f72e.min.html]
[francokees94.wixsite.com/84c587cd.min.html]
[francokees94.wixsite.com/ba7d2620.min.html]
[francokees94.wixsite.com/41f1fa78.min.html]
[francokees94.wixsite.com/3e581339.min.html]
[francokees94.wixsite.com/a2f0f523.min.html]
[francokees94.wixsite.com/86aca973.min.html]
[francokees94.wixsite.com/7c1692b1.min.html]
[francokees94.wixsite.com/8005d5c1.min.html]
[francokees94.wixsite.com/0e20a470.min.html]
[francokees94.wixsite.com/c9b5bd15.min.html]
[francokees94.wixsite.com/8c688a9d.min.html]
[francokees94.wixsite.com/6b1e299b.min.html]
[francokees94.wixsite.com/11d68990.min.html]
[francokees94.wixsite.com/3f166307.min.html]
[francokees94.wixsite.com/1355ec40.min.html]
[francokees94.wixsite.com/48220e7a.min.html]
[francokees94.wixsite.com/eca71e40.min.html]
[francokees94.wixsite.com/024f5250.min.html]
[francokees94.wixsite.com/54e8ad37.min.html]
[francokees94.wixsite.com/c79634ce.min.html]
[francokees94.wixsite.com/036d1c2c.min.html]
[francokees94.wixsite.com/04c30725.min.html]
[francokees94.wixsite.com/685dda1c.min.html]
[francokees94.wixsite.com/ad3a6151.min.html]
[francokees94.wixsite.com/b43bc41a.min.html]
[francokees94.wixsite.com/aff3efe3.min.html]
[francokees94.wixsite.com/44306cc3.min.html]
[francokees94.wixsite.com/f08a1c03.min.html]
[francokees94.wixsite.com/6818c64c.min.html]
[francokees94.wixsite.com/4fa4a352.min.html]
[francokees94.wixsite.com/97d7cd97.min.html]
[francokees94.wixsite.com/a1e76019.min.html]
[francokees94.wixsite.com/b4bc6361.min.html]
[francokees94.wixsite.com/9eed3e82.min.html]
[francokees94.wixsite.com/ce776e38.min.html]
[francokees94.wixsite.com/4a43b954.min.html]
[francokees94.wixsite.com/799d016a.min.html]
[francokees94.wixsite.com/c434348a.min.html]
[francokees94.wixsite.com/4038e1e2.min.html]
[francokees94.wixsite.com/c24f5e69.min.html]
[francokees94.wixsite.com/8ab00128.min.html]
[francokees94.wixsite.com/45eee88d.min.html]
[francokees94.wixsite.com/7df86004.min.html]
[francokees94.wixsite.com/145b5660.min.html]
[francokees94.wixsite.com/3e624017.min.html]
[francokees94.wixsite.com/eb810a4a.min.html]
[francokees94.wixsite.com/81ed76c3.min.html]
[francokees94.wixsite.com/6fe867cc.min.html]
[francokees94.wixsite.com/d1f9c7e6.min.html]
[francokees94.wixsite.com/34377b4a.min.html]
[francokees94.wixsite.com/36c7b16b.min.html]
[francokees94.wixsite.com/b0da3a19.min.html]
[francokees94.wixsite.com/70e8afa8.min.html]
[francokees94.wixsite.com/9c39b1d1.min.html]
[francokees94.wixsite.com/59f9faa0.min.html]
[francokees94.wixsite.com/b92ba9ff.min.html]
[francokees94.wixsite.com/91e61dab.min.html]
[francokees94.wixsite.com/41f245d4.min.html]
[francokees94.wixsite.com/e24e08e7.min.html]
[francokees94.wixsite.com/a86a8070.min.html]
[francokees94.wixsite.com/65997748.min.html]
[francokees94.wixsite.com/13eb5276.min.html]
[francokees94.wixsite.com/2978359e.min.html]
[francokees94.wixsite.com/4b1f6567.min.html]
[francokees94.wixsite.com/4e6fba8d.min.html]
[francokees94.wixsite.com/883064bf.min.html]
[francokees94.wixsite.com/55fd4990.min.html]
[francokees94.wixsite.com/882dfccd.min.html]
[francokees94.wixsite.com/70efe3c5.min.html]
[francokees94.wixsite.com/6d011635.min.html]
[francokees94.wixsite.com/af38aead.min.html]
[francokees94.wixsite.com/39cfb47d.min.html]
[francokees94.wixsite.com/1a1f2ab9.min.html]
[francokees94.wixsite.com/5ed4e092.min.html]
[francokees94.wixsite.com/75512b1a.min.html]
[francokees94.wixsite.com/2a38244f.min.html]
[francokees94.wixsite.com/837e8139.min.html]
[francokees94.wixsite.com/f8ec65c6.min.html]
[francokees94.wixsite.com/913e0517.min.html]
[francokees94.wixsite.com/2ce475e3.min.html]
[francokees94.wixsite.com/96f4b814.min.html]
[francokees94.wixsite.com/efcd8729.min.html]
[francokees94.wixsite.com/0ebb4539.min.html]
[francokees94.wixsite.com/c9371416.min.html]
[francokees94.wixsite.com/84fca3f0.min.html]
[francokees94.wixsite.com/44b60e9d.min.html]
[francokees94.wixsite.com/48e483a5.min.html]
[francokees94.wixsite.com/100a01ba.min.html]
[francokees94.wixsite.com/dba31346.min.html]
[francokees94.wixsite.com/5a61fee8.min.html]
[francokees94.wixsite.com/6010b816.min.html]
[francokees94.wixsite.com/99e9084d.min.html]
[francokees94.wixsite.com/39cdb6e7.min.html]
[francokees94.wixsite.com/98f5e34d.min.html]
[francokees94.wixsite.com/4bd62377.min.html]
[francokees94.wixsite.com/f6b4449f.min.html]
[francokees94.wixsite.com/692d3cfd.min.html]
[francokees94.wixsite.com/dda10bbb.min.html]
[francokees94.wixsite.com/826aa068.min.html]
[francokees94.wixsite.com/71561e01.min.html]
[francokees94.wixsite.com/2aa93db9.min.html]
[francokees94.wixsite.com/ac1f0c83.min.html]
[francokees94.wixsite.com/3fc3aa14.min.html]
[francokees94.wixsite.com/eed9660c.min.html]
[francokees94.wixsite.com/e98ddd9c.min.html]
[francokees94.wixsite.com/9f54505f.min.html]
[francokees94.wixsite.com/82a3c6bd.min.html]
[francokees94.wixsite.com/959e5e9e.min.html]
[francokees94.wixsite.com/c6933345.min.html]
[francokees94.wixsite.com/7ac66a81.min.html]
[francokees94.wixsite.com/7f6e9aff.min.html]
[francokees94.wixsite.com/7197ceeb.min.html]
[francokees94.wixsite.com/4d761874.min.html]
[francokees94.wixsite.com/57ee110f.min.html]
[francokees94.wixsite.com/723e4fed.min.html]
[francokees94.wixsite.com/7d0d5475.min.html]
[francokees94.wixsite.com/d9e9ecf4.min.html]
[francokees94.wixsite.com/4d71157d.min.html]
[francokees94.wixsite.com/30611ad6.min.html]
[francokees94.wixsite.com/3107aee2.min.html]
[francokees94.wixsite.com/add763df.min.html]
[francokees94.wixsite.com/20a005d9.min.html]
[francokees94.wixsite.com/f12c724d.min.html]
[francokees94.wixsite.com/767a7565.min.html]
[francokees94.wixsite.com/6dd0b2ab.min.html]
[francokees94.wixsite.com/60e6c2a9.min.html]
[francokees94.wixsite.com/6bd04466.min.html]
[francokees94.wixsite.com/e356d735.min.html]
[francokees94.wixsite.com/1fef0d1f.min.html]
[francokees94.wixsite.com/4e9ee1a3.min.html]
[francokees94.wixsite.com/8845e14b.min.html]
[francokees94.wixsite.com/a7d5ac4b.min.html]
[francokees94.wixsite.com/015a530e.min.html]
[francokees94.wixsite.com/b6e3e82f.min.html]
[francokees94.wixsite.com/731d5bce.min.html]
[francokees94.wixsite.com/c61ac2b6.min.html]
[francokees94.wixsite.com/c9d89f77.min.html]
[francokees94.wixsite.com/77753e29.min.html]
[francokees94.wixsite.com/2a3ba4df.min.html]
[francokees94.wixsite.com/1150efce.min.html]
[francokees94.wixsite.com/dbfd66d7.min.html]
[francokees94.wixsite.com/e1813de1.min.html]
[francokees94.wixsite.com/34b72cf9.min.html]
[francokees94.wixsite.com/5d684912.min.html]
[francokees94.wixsite.com/07d43a5b.min.html]
[francokees94.wixsite.com/74e60b57.min.html]
[francokees94.wixsite.com/71b202df.min.html]
[francokees94.wixsite.com/1e24bd4a.min.html]
[francokees94.wixsite.com/d078781b.min.html]
[francokees94.wixsite.com/9a8b46cf.min.html]
[francokees94.wixsite.com/f4071404.min.html]
[francokees94.wixsite.com/a4efbb1a.min.html]
[francokees94.wixsite.com/b69a6dca.min.html]
[francokees94.wixsite.com/a8cea7d1.min.html]
[francokees94.wixsite.com/9b7ffe32.min.html]
[francokees94.wixsite.com/0e2bff6a.min.html]
[francokees94.wixsite.com/8a3174ea.min.html]
[francokees94.wixsite.com/56b396e1.min.html]
[francokees94.wixsite.com/e31c9edb.min.html]
[francokees94.wixsite.com/270ecc94.min.html]
[francokees94.wixsite.com/aae8f9e8.min.html]
[francokees94.wixsite.com/148a549f.min.html]
[francokees94.wixsite.com/243dde79.min.html]
[francokees94.wixsite.com/4b77444e.min.html]
[francokees94.wixsite.com/debda15f.min.html]
[francokees94.wixsite.com/c8e351db.min.html]
[francokees94.wixsite.com/25adc72e.min.html]
[francokees94.wixsite.com/ad3c03fe.min.html]
[francokees94.wixsite.com/696515ba.min.html]
[francokees94.wixsite.com/a6264646.chunk.min.html]
[francokees94.wixsite.com/929216f3.chunk.min.html]
[francokees94.wixsite.com/b67be98e.chunk.min.html]
[francokees94.wixsite.com/9b7d0bb5.chunk.min.html]
[francokees94.wixsite.com/rb_wixui.thunderbolt_bootstrap-classic.db48ef07.chunk.min.html]
[francokees94.wixsite.com/rb_wixui.thunderbolt_bootstrap-responsive.a66c1914.chunk.min.html]
[francokees94.wixsite.com/rb_wixui.thunderbolt_bootstrap-responsive.b67be98e.chunk.min.html]
[francokees94.wixsite.com/rb_wixui.thunderbolt_common-site-members-dialogs.d78bf087.chunk.min.html]
[francokees94.wixsite.com/rb_wixui.thunderbolt_common-site-members-dialogs.9b7d0bb5.chunk.min.html]
[francokees94.wixsite.com/rb_wixui.thunderbolt_bootstrap.15f0deb3.chunk.min.html]
[francokees94.wixsite.com/rb_wixui.thunderbolt_bootstrap.a6264646.chunk.min.html]
[francokees94.wixsite.com/rb_wixui.corvid_core.6a57e989.chunk.min.html]
[francokees94.wixsite.com/rb_wixui.thunderbolt_mobile.eea54e4b.chunk.min.html]
[francokees94.wixsite.com/decodeURIComponent(e.html]
[francokees94.wixsite.com/sitemap.html]
[francokees94.wixsite.com/feed.html]
[francokees94.wixsite.com/index.html]
[francokees94.wixsite.com/version/index.html]
[francokees94.wixsite.com/portfolio/animationsc69a.html]
[francokees94.wixsite.com/portfolioc69a.html]
[francokees94.wixsite.com/portfolio/47b73115.min.css]
[francokees94.wixsite.com/portfolio/contactc69a.html]
[francokees94.wixsite.com/portfolio/video-gamesc69a.html]
[francokees94.wixsite.com/portfolio/1a3ca2ee.min.css]
[francokees94.wixsite.com/portfolio/16e44c05.min.css]
[francokees94.wixsite.com/portfolio/6ac53ab7.min.css]
[francokees94.wixsite.com/portfolio/02595569.min.css]
[francokees94.wixsite.com/portfolio/e5861f41.min.css]
[francokees94.wixsite.com/portfolio/c53e42d7.min.css]
[francokees94.wixsite.com/portfolio/da6c52cb.min.css]
[francokees94.wixsite.com/portfolio/3d2759f7.min.css]
[francokees94.wixsite.com/portfolio/960c3a88.min.css]
[francokees94.wixsite.com/portfolio/390543ac.min.css]
[francokees94.wixsite.com/portfolio/2f9aeb85.min.css]
[francokees94.wixsite.com/portfolio/f36661fb.min.css]
[francokees94.wixsite.com/portfolio/aa613bd1.min.css]
[francokees94.wixsite.com/portfolio/395efea1.min.css]
[francokees94.wixsite.com/portfolio/6daaad8b.min.css]
[francokees94.wixsite.com/portfolio/bf91693c.min.css]
[francokees94.wixsite.com/portfolio/b4ae8803.min.css]
[francokees94.wixsite.com/portfolio/62ccedec.min.css]
[francokees94.wixsite.com/portfolio/ae08c227.min.css]
[francokees94.wixsite.com/portfolio/11f27093.min.css]
[francokees94.wixsite.com/portfolio/9b155e90.min.css]
[francokees94.wixsite.com/portfolio/4ec2545d.min.css]
[francokees94.wixsite.com/portfolio/1bbe301d.min.css]
[francokees94.wixsite.com/portfolio/e78a13b3.min.css]
[francokees94.wixsite.com/portfolio/b604fd33.min.css]
[francokees94.wixsite.com/portfolio/48c6d58d.min.css]
[francokees94.wixsite.com/portfolio/439c90c8.min.css]
[francokees94.wixsite.com/portfolio/cd69f57c.min.css]
[francokees94.wixsite.com/portfolio/bc223d50.min.css]
[francokees94.wixsite.com/portfolio/bc2466c0.min.css]
[francokees94.wixsite.com/portfolio/5d7b6bbf.min.css]
[francokees94.wixsite.com/portfolio/3fdab364.min.css]
[francokees94.wixsite.com/portfolio/20d93486.min.css]
[francokees94.wixsite.com/portfolio/9692b4a8.min.css]
[francokees94.wixsite.com/portfolio/914012ea.min.css]
[francokees94.wixsite.com/portfolio/ffa0eb8f.min.css]
[francokees94.wixsite.com/portfolio/fe8be6d6.min.css]
[francokees94.wixsite.com/portfolio/a28cca36.min.css]
[francokees94.wixsite.com/portfolio/02b07b80.min.css]
[francokees94.wixsite.com/portfolio/265e9a4a.min.css]
[francokees94.wixsite.com/portfolio/ff342417.min.css]
[francokees94.wixsite.com/portfolio/2a1582d7.min.css]
[francokees94.wixsite.com/portfolio/eb321d93.min.css]
[francokees94.wixsite.com/portfolio/06cfef68.min.css]
[francokees94.wixsite.com/portfolio/49a18e23.min.css]
[francokees94.wixsite.com/portfolio/2467b183.min.css]
[francokees94.wixsite.com/portfolio/f9fd7cbe.min.css]
[francokees94.wixsite.com/portfolio/e142d0f4.min.css]
[francokees94.wixsite.com/portfolio/96a73741.min.css]
[francokees94.wixsite.com/portfolio/4c758e80.min.css]
[francokees94.wixsite.com/portfolio/44b62fdc.min.css]
[francokees94.wixsite.com/portfolio/7f8c7c3e.min.css]
[francokees94.wixsite.com/portfolio/fbbc0ea4.min.css]
[francokees94.wixsite.com/portfolio/5d29307d.min.css]
[francokees94.wixsite.com/portfolio/85af43ab.min.css]
[francokees94.wixsite.com/portfolio/7010eb60.min.css]
[francokees94.wixsite.com/portfolio/566bec70.min.css]
[francokees94.wixsite.com/portfolio/fc40122e.min.css]
[francokees94.wixsite.com/portfolio/45242c23.min.css]
[francokees94.wixsite.com/portfolio/0efca64c.min.css]
[francokees94.wixsite.com/portfolio/42ccdc69.min.css]
[francokees94.wixsite.com/portfolio/4ea3b970.min.css]
[francokees94.wixsite.com/portfolio/0ee85551.min.css]
[francokees94.wixsite.com/portfolio/085f85ee.min.css]
[francokees94.wixsite.com/portfolio/fc21aae5.min.css]
[francokees94.wixsite.com/portfolio/641eb53d.min.css]
[francokees94.wixsite.com/portfolio/cabcae51.min.css]
[francokees94.wixsite.com/portfolio/b66c178d.min.css]
[francokees94.wixsite.com/portfolio/c7fdedca.min.css]
[francokees94.wixsite.com/portfolio/ce9dcea4.min.css]
[francokees94.wixsite.com/portfolio/bc497b45.min.css]
[francokees94.wixsite.com/portfolio/2acb415c.min.css]
[francokees94.wixsite.com/portfolio/7d6cd51b.min.css]
[francokees94.wixsite.com/portfolio/16e57088.min.css]
[francokees94.wixsite.com/portfolio/0a1c073a.min.css]
[francokees94.wixsite.com/portfolio/1ac8fc0f.min.css]
[francokees94.wixsite.com/portfolio/e5d84163.min.css]
[francokees94.wixsite.com/portfolio/d5f023bb.min.css]
[francokees94.wixsite.com/portfolio/d820de38.min.css]
[francokees94.wixsite.com/portfolio/012dc85e.min.css]
[francokees94.wixsite.com/portfolio/9d29a199.min.css]
[francokees94.wixsite.com/portfolio/381ee71b.min.css]
[francokees94.wixsite.com/portfolio/bf413556.min.css]
[francokees94.wixsite.com/portfolio/316080a6.min.css]
[francokees94.wixsite.com/portfolio/51a9742f.min.css]
[francokees94.wixsite.com/portfolio/bf732f1f.min.css]
[francokees94.wixsite.com/portfolio/99f4b3eb.min.css]
[francokees94.wixsite.com/portfolio/a545d558.min.css]
[francokees94.wixsite.com/portfolio/76eac8fb.min.css]
[francokees94.wixsite.com/portfolio/5346ce3f.min.css]
[francokees94.wixsite.com/portfolio/f658a9c4.min.css]
[francokees94.wixsite.com/portfolio/7c9ceb1e.min.css]
[francokees94.wixsite.com/portfolio/aa72298b.min.css]
[francokees94.wixsite.com/portfolio/6ea2cb1c.min.css]
[francokees94.wixsite.com/portfolio/a9c2732c.min.1ab.delayed]
[francokees94.wixsite.com/portfolio/93e61b80.min.css]
[francokees94.wixsite.com/portfolio/4bbd8d4f.min.css]
[francokees94.wixsite.com/portfolio/f4297adc.min.css]
[francokees94.wixsite.com/portfolio/f3af5621.min.css]
[francokees94.wixsite.com/portfolio/23167c06.min.css]
[francokees94.wixsite.com/portfolio/4c919285.min.css]
[francokees94.wixsite.com/portfolio/99e902d9.min.css]
[francokees94.wixsite.com/portfolio/7761d6fc.min.css]
[francokees94.wixsite.com/portfolio/164e68d9.min.css]
[francokees94.wixsite.com/portfolio/40e5d5cf.min.css]
[francokees94.wixsite.com/portfolio/7c602eb2.min.css]
[francokees94.wixsite.com/portfolio/6b4c7217.min.css]
[francokees94.wixsite.com/portfolio/5b26625f.min.css]
[francokees94.wixsite.com/portfolio/2e327647.min.css]
[francokees94.wixsite.com/portfolio/4a6a7fc9.min.css]
[francokees94.wixsite.com/portfolio/f52e40aa.min.css]
[francokees94.wixsite.com/portfolio/29ef3ea9.min.css]
[francokees94.wixsite.com/portfolio/8a33f286.min.css]
[francokees94.wixsite.com/portfolio/a1e4335b.min.css]
[francokees94.wixsite.com/portfolio/67b7c77e.min.css]
[francokees94.wixsite.com/portfolio/b8760986.min.css]
[francokees94.wixsite.com/portfolio/37bd0eeb.min.css]
[francokees94.wixsite.com/portfolio/8d04f72e.min.css]
[francokees94.wixsite.com/portfolio/84c587cd.min.css]
[francokees94.wixsite.com/portfolio/ba7d2620.min.css]
[francokees94.wixsite.com/portfolio/41f1fa78.min.css]
[francokees94.wixsite.com/portfolio/3e581339.min.css]
[francokees94.wixsite.com/portfolio/a2f0f523.min.css]
[francokees94.wixsite.com/portfolio/86aca973.min.css]
[francokees94.wixsite.com/portfolio/7c1692b1.min.css]
[francokees94.wixsite.com/portfolio/8005d5c1.min.css]
[francokees94.wixsite.com/portfolio/0e20a470.min.css]
[francokees94.wixsite.com/portfolio/c9b5bd15.min.css]
[francokees94.wixsite.com/portfolio/8c688a9d.min.css]
[francokees94.wixsite.com/portfolio/6b1e299b.min.css]
[francokees94.wixsite.com/portfolio/11d68990.min.css]
[francokees94.wixsite.com/portfolio/3f166307.min.css]
[francokees94.wixsite.com/portfolio/1355ec40.min.css]
[francokees94.wixsite.com/portfolio/48220e7a.min.css]
[francokees94.wixsite.com/portfolio/eca71e40.min.css]
[francokees94.wixsite.com/portfolio/024f5250.min.css]
[francokees94.wixsite.com/portfolio/54e8ad37.min.css]
[francokees94.wixsite.com/portfolio/c79634ce.min.css]
[francokees94.wixsite.com/portfolio/036d1c2c.min.css]
[francokees94.wixsite.com/portfolio/04c30725.min.css]
[francokees94.wixsite.com/portfolio/685dda1c.min.css]
[francokees94.wixsite.com/portfolio/ad3a6151.min.css]
[francokees94.wixsite.com/portfolio/b43bc41a.min.css]
[francokees94.wixsite.com/portfolio/aff3efe3.min.css]
[francokees94.wixsite.com/portfolio/44306cc3.min.css]
[francokees94.wixsite.com/portfolio/f08a1c03.min.css]
[francokees94.wixsite.com/portfolio/6818c64c.min.css]
[francokees94.wixsite.com/portfolio/4fa4a352.min.css]
[francokees94.wixsite.com/portfolio/97d7cd97.min.css]
[francokees94.wixsite.com/portfolio/a1e76019.min.css]
[francokees94.wixsite.com/portfolio/b4bc6361.min.css]
[francokees94.wixsite.com/portfolio/9eed3e82.min.css]
[francokees94.wixsite.com/portfolio/ce776e38.min.css]
[francokees94.wixsite.com/portfolio/4a43b954.min.css]
[francokees94.wixsite.com/portfolio/799d016a.min.css]
[francokees94.wixsite.com/portfolio/c434348a.min.css]
[francokees94.wixsite.com/portfolio/4038e1e2.min.css]
[francokees94.wixsite.com/portfolio/c24f5e69.min.css]
[francokees94.wixsite.com/portfolio/8ab00128.min.css]
[francokees94.wixsite.com/portfolio/45eee88d.min.css]
[francokees94.wixsite.com/portfolio/7df86004.min.css]
[francokees94.wixsite.com/portfolio/145b5660.min.css]
[francokees94.wixsite.com/portfolio/3e624017.min.css]
[francokees94.wixsite.com/portfolio/eb810a4a.min.css]
[francokees94.wixsite.com/portfolio/81ed76c3.min.css]
[francokees94.wixsite.com/portfolio/6fe867cc.min.css]
[francokees94.wixsite.com/portfolio/d1f9c7e6.min.css]
[francokees94.wixsite.com/portfolio/34377b4a.min.css]
[francokees94.wixsite.com/portfolio/36c7b16b.min.css]
[francokees94.wixsite.com/portfolio/b0da3a19.min.css]
[francokees94.wixsite.com/portfolio/70e8afa8.min.css]
[francokees94.wixsite.com/portfolio/9c39b1d1.min.css]
[francokees94.wixsite.com/portfolio/59f9faa0.min.css]
[francokees94.wixsite.com/portfolio/b92ba9ff.min.css]
[francokees94.wixsite.com/portfolio/91e61dab.min.css]
[francokees94.wixsite.com/portfolio/41f245d4.min.css]
[francokees94.wixsite.com/portfolio/e24e08e7.min.css]
[francokees94.wixsite.com/portfolio/a86a8070.min.css]
[francokees94.wixsite.com/portfolio/65997748.min.css]
[francokees94.wixsite.com/portfolio/13eb5276.min.css]
[francokees94.wixsite.com/portfolio/2978359e.min.css]
[francokees94.wixsite.com/portfolio/4b1f6567.min.css]
[francokees94.wixsite.com/portfolio/4e6fba8d.min.css]
[francokees94.wixsite.com/portfolio/883064bf.min.css]
[francokees94.wixsite.com/portfolio/55fd4990.min.css]
[francokees94.wixsite.com/portfolio/882dfccd.min.css]
[francokees94.wixsite.com/portfolio/70efe3c5.min.css]
[francokees94.wixsite.com/portfolio/6d011635.min.css]
[francokees94.wixsite.com/portfolio/af38aead.min.css]
[francokees94.wixsite.com/portfolio/39cfb47d.min.css]
[francokees94.wixsite.com/portfolio/1a1f2ab9.min.css]
[francokees94.wixsite.com/portfolio/5ed4e092.min.css]
[francokees94.wixsite.com/portfolio/75512b1a.min.css]
[francokees94.wixsite.com/portfolio/2a38244f.min.css]
[francokees94.wixsite.com/portfolio/837e8139.min.20f.delayed]
[francokees94.wixsite.com/portfolio/f8ec65c6.min.css]
[francokees94.wixsite.com/portfolio/913e0517.min.css]
[francokees94.wixsite.com/portfolio/2ce475e3.min.css]
[francokees94.wixsite.com/portfolio/96f4b814.min.css]
[francokees94.wixsite.com/portfolio/efcd8729.min.css]
[francokees94.wixsite.com/portfolio/0ebb4539.min.css]
[francokees94.wixsite.com/portfolio/c9371416.min.css]
[francokees94.wixsite.com/portfolio/84fca3f0.min.css]
[francokees94.wixsite.com/portfolio/44b60e9d.min.css]
[francokees94.wixsite.com/portfolio/48e483a5.min.css]
[francokees94.wixsite.com/portfolio/100a01ba.min.css]
[francokees94.wixsite.com/portfolio/dba31346.min.css]
[francokees94.wixsite.com/portfolio/5a61fee8.min.css]
[francokees94.wixsite.com/portfolio/6010b816.min.css]
[francokees94.wixsite.com/portfolio/99e9084d.min.css]
[francokees94.wixsite.com/portfolio/39cdb6e7.min.css]
[francokees94.wixsite.com/portfolio/98f5e34d.min.css]
[francokees94.wixsite.com/portfolio/4bd62377.min.css]
[francokees94.wixsite.com/portfolio/f6b4449f.min.css]
[francokees94.wixsite.com/portfolio/692d3cfd.min.css]
[francokees94.wixsite.com/portfolio/dda10bbb.min.css]
[francokees94.wixsite.com/portfolio/826aa068.min.css]
[francokees94.wixsite.com/portfolio/71561e01.min.css]
[francokees94.wixsite.com/portfolio/2aa93db9.min.css]
[francokees94.wixsite.com/portfolio/ac1f0c83.min.css]
[francokees94.wixsite.com/portfolio/3fc3aa14.min.css]
[francokees94.wixsite.com/portfolio/eed9660c.min.css]
[francokees94.wixsite.com/portfolio/e98ddd9c.min.css]
[francokees94.wixsite.com/portfolio/9f54505f.min.css]
[francokees94.wixsite.com/portfolio/82a3c6bd.min.css]
[francokees94.wixsite.com/portfolio/959e5e9e.min.css]
[francokees94.wixsite.com/portfolio/c6933345.min.css]
[francokees94.wixsite.com/portfolio/7ac66a81.min.css]
[francokees94.wixsite.com/portfolio/7f6e9aff.min.css]
[francokees94.wixsite.com/portfolio/7197ceeb.min.css]
[francokees94.wixsite.com/portfolio/4d761874.min.css]
[francokees94.wixsite.com/portfolio/57ee110f.min.css]
[francokees94.wixsite.com/portfolio/723e4fed.min.css]
[francokees94.wixsite.com/portfolio/7d0d5475.min.css]
[francokees94.wixsite.com/portfolio/d9e9ecf4.min.css]
[francokees94.wixsite.com/portfolio/4d71157d.min.css]
[francokees94.wixsite.com/portfolio/30611ad6.min.css]
[francokees94.wixsite.com/portfolio/3107aee2.min.css]
[francokees94.wixsite.com/portfolio/add763df.min.css]
[francokees94.wixsite.com/portfolio/20a005d9.min.css]
[francokees94.wixsite.com/portfolio/f12c724d.min.css]
[francokees94.wixsite.com/portfolio/767a7565.min.css]
[francokees94.wixsite.com/portfolio/6dd0b2ab.min.css]
[francokees94.wixsite.com/portfolio/60e6c2a9.min.css]
[francokees94.wixsite.com/portfolio/6bd04466.min.css]
[francokees94.wixsite.com/portfolio/e356d735.min.css]
[francokees94.wixsite.com/portfolio/1fef0d1f.min.css]
[francokees94.wixsite.com/portfolio/4e9ee1a3.min.css]
[francokees94.wixsite.com/portfolio/8845e14b.min.css]
[francokees94.wixsite.com/portfolio/a7d5ac4b.min.css]
[francokees94.wixsite.com/portfolio/015a530e.min.css]
[francokees94.wixsite.com/portfolio/b6e3e82f.min.css]
[francokees94.wixsite.com/portfolio/731d5bce.min.css]
[francokees94.wixsite.com/portfolio/c61ac2b6.min.css]
[francokees94.wixsite.com/portfolio/c9d89f77.min.css]
[francokees94.wixsite.com/portfolio/77753e29.min.css]
[francokees94.wixsite.com/portfolio/2a3ba4df.min.css]
[francokees94.wixsite.com/portfolio/1150efce.min.css]
[francokees94.wixsite.com/portfolio/dbfd66d7.min.css]
[francokees94.wixsite.com/portfolio/e1813de1.min.css]
[francokees94.wixsite.com/portfolio/34b72cf9.min.css]
[francokees94.wixsite.com/portfolio/5d684912.min.css]
[francokees94.wixsite.com/portfolio/07d43a5b.min.css]
[francokees94.wixsite.com/portfolio/74e60b57.min.css]
[francokees94.wixsite.com/portfolio/71b202df.min.css]
[francokees94.wixsite.com/portfolio/1e24bd4a.min.css]
[francokees94.wixsite.com/portfolio/d078781b.min.css]
[francokees94.wixsite.com/portfolio/9a8b46cf.min.css]
[francokees94.wixsite.com/portfolio/f4071404.min.css]
[francokees94.wixsite.com/portfolio/a4efbb1a.min.css]
[francokees94.wixsite.com/portfolio/b69a6dca.min.css]
[francokees94.wixsite.com/portfolio/a8cea7d1.min.css]
[francokees94.wixsite.com/portfolio/9b7ffe32.min.css]
[francokees94.wixsite.com/portfolio/0e2bff6a.min.css]
[francokees94.wixsite.com/portfolio/8a3174ea.min.css]
[francokees94.wixsite.com/portfolio/56b396e1.min.css]
[francokees94.wixsite.com/portfolio/e31c9edb.min.css]
[francokees94.wixsite.com/portfolio/270ecc94.min.css]
[francokees94.wixsite.com/portfolio/aae8f9e8.min.css]
[francokees94.wixsite.com/portfolio/148a549f.min.css]
[francokees94.wixsite.com/portfolio/243dde79.min.css]
[francokees94.wixsite.com/portfolio/4b77444e.min.css]
[francokees94.wixsite.com/portfolio/debda15f.min.css]
[francokees94.wixsite.com/portfolio/c8e351db.min.css]
[francokees94.wixsite.com/portfolio/25adc72e.min.css]
[francokees94.wixsite.com/portfolio/ad3c03fe.min.css]
[francokees94.wixsite.com/portfolio/696515ba.min.css]
[francokees94.wixsite.com/portfolio/a6264646.chunk.min.js]
[francokees94.wixsite.com/portfolio/929216f3.chunk.min.js]
[francokees94.wixsite.com/portfolio/b67be98e.chunk.min.js]
[francokees94.wixsite.com/portfolio/9b7d0bb5.chunk.min.js]
[francokees94.wixsite.com/portfolio/rb_wixui.thunderbolt_bootstrap-classic.db48ef07.chunk.min.js]
[francokees94.wixsite.com/portfolio/rb_wixui.thunderbolt_bootstrap-responsive.a66c1914.chunk.min.css]
[francokees94.wixsite.com/portfolio/rb_wixui.thunderbolt_bootstrap-responsive.b67be98e.chunk.min.js]
[francokees94.wixsite.com/portfolio/rb_wixui.thunderbolt_common-site-members-dialogs.d78bf087.chunk.min.273.delayed]
[francokees94.wixsite.com/portfolio/rb_wixui.thunderbolt_common-site-members-dialogs.9b7d0bb5.chunk.min.js]
[francokees94.wixsite.com/portfolio/rb_wixui.thunderbolt_bootstrap.15f0deb3.chunk.min.css]
[francokees94.wixsite.com/portfolio/rb_wixui.thunderbolt_bootstrap.a6264646.chunk.min.js]
[francokees94.wixsite.com/portfolio/rb_wixui.corvid_core.6a57e989.chunk.min.js]
[francokees94.wixsite.com/portfolio/rb_wixui.thunderbolt_mobile.eea54e4b.chunk.min.css]
[francokees94.wixsite.com/portfolio/decodeURIComponent(e]
[francokees94.wixsite.com/portfolio/robots.txt]
[francokees94.wixsite.com/portfolio/sitemap.xml]
[francokees94.wixsite.com/portfolio/feed.xml]
[static.wixstatic.com/media/0e2442_9503975d48364d82be6d56bac319d6bef000.jpg/v1/fill/w_245,h_103,al_c,q_80,usm_0.66_1.00_0.01,blur_2/0e2442_9503975d48364d82be6d56bac319d6bef000.jpg]
[francokees94.wixsite.com/portfolio/version/index.html]
[static.wixstatic.com/media/0e2442_9a1976a509c4408cb1b8160faae8d7fff000.jpg/v1/fill/w_128,h_72,al_c,q_80,usm_0.66_1.00_0.01,blur_2/0e2442_9a1976a509c4408cb1b8160faae8d7fff000.jpg]
[static.wixstatic.com/media/0e2442_4b92593257924e8eaf7a640c72931eebf000.jpg/v1/fill/w_126,h_71,al_c,q_80,usm_0.66_1.00_0.01,blur_2/0e2442_4b92593257924e8eaf7a640c72931eebf000.jpg]
[static.wixstatic.com/media/0e2442_eb5a76cd8b334810953208f8588a2dec_mv2.jpg/v1/fill/w_102,h_90,al_c,q_80,usm_0.66_1.00_0.01,blur_2/0e2442_eb5a76cd8b334810953208f8588a2dec_mv2.jpg]
[static.wixstatic.com/media/0e2442_cd35cc8f60a347868d38940efab75148_mv2.jpg/v1/fill/w_90,h_90,al_c,q_80,usm_0.66_1.00_0.01,blur_2/0e2442_cd35cc8f60a347868d38940efab75148_mv2.jpg]
[static.wixstatic.com/media/0e2442_8be36675dd8b4b24bbeb9a860c32d62cf000.jpg/v1/fill/w_126,h_71,al_c,q_80,usm_0.66_1.00_0.01,blur_2/0e2442_8be36675dd8b4b24bbeb9a860c32d62cf000.jpg]
[francokees94.wixsite.com/portfolio/animations.html]
[static.parastorage.com/services/wix-code-platform/1.964.0/wixCodeNamespacesAndElementorySupport.min.js]
[francokees94.wixsite.com/portfolio/proyecto-01c69a.html]
[static.wixstatic.com/media/0e2442_5a4a5cfd64a84946910be9d0a2782ffbf000.jpg/v1/fill/w_245,h_103,al_c,q_80,usm_0.66_1.00_0.01,blur_2/0e2442_5a4a5cfd64a84946910be9d0a2782ffbf000.jpg]
[static.wixstatic.com/media/0e2442_1277546437d5483eb9899d6d26eb2d1f_mv2.gif]
[static.wixstatic.com/media/0e2442_a1622bf95fad486d9449fa9fbe488718_mv2.png/v1/crop/x_95,y_213,w_838,h_276/fill/w_185,h_61,al_c,usm_0.66_1.00_0.01,blur_3/0e2442_a1622bf95fad486d9449fa9fbe488718_mv2.286.de]
[static.wixstatic.com/media/0e2442_9503975d48364d82be6d56bac319d6bef000.jpg/v1/fill/w_93,h_39,al_c,q_80,usm_0.66_1.00_0.01,blur_2/0e2442_9503975d48364d82be6d56bac319d6bef000.jpg]
[francokees94.wixsite.com/portfolio/proyecto-01.html]
[static.wixstatic.com/media/0e2442_0a83d5dc16764c5ca0224d41d4117218_mv2.jpg/v1/fill/w_128,h_72,al_c,q_80,usm_0.66_1.00_0.01,blur_2/0e2442_0a83d5dc16764c5ca0224d41d4117218_mv2.jpg]
[static.wixstatic.com/media/0e2442_e5b9f25b02a84fa68a6f34d231f23b4c_mv2.png/v1/fill/w_126,h_67,al_c,usm_0.66_1.00_0.01,blur_2/0e2442_e5b9f25b02a84fa68a6f34d231f23b4c_mv2.png]
[static.wixstatic.com/media/0e2442_ea3c043fa12041d4b694f0060694acbd_mv2.jpg/v1/fill/w_128,h_69,al_c,q_80,usm_0.66_1.00_0.01,blur_2/0e2442_ea3c043fa12041d4b694f0060694acbd_mv2.jpg]
[static.wixstatic.com/media/0e2442_9146268c9a42445e9d73d457f4d52306_mv2.png/v1/fill/w_126,h_53,al_c,usm_0.66_1.00_0.01,blur_2/0e2442_9146268c9a42445e9d73d457f4d52306_mv2.png]
[francokees94.wixsite.com/portfolio/video-games.html]
[static.wixstatic.com/media/0e2442_70665228ae7b4eedb5d910626b4773c9f000.jpg/v1/fill/w_245,h_103,al_c,q_80,usm_0.66_1.00_0.01,blur_2/0e2442_70665228ae7b4eedb5d910626b4773c9f000.jpg]
[francokees94.wixsite.com/portfolio/contact.html]
[francokees94.wixsite.com/portfolio/animationsc69a.html]
[francokees94.wixsite.com/portfolio/video-gamesc69a.html]
[francokees94.wixsite.com/portfolio/contactc69a.html]
[francokees94.wixsite.com/portfolio/47b73115.min.html]
[francokees94.wixsite.com/portfolio/1a3ca2ee.min.html]
[francokees94.wixsite.com/portfolio/16e44c05.min.html]
[francokees94.wixsite.com/portfolio/6ac53ab7.min.html]
[francokees94.wixsite.com/portfolio/02595569.min.html]
[francokees94.wixsite.com/portfolio/e5861f41.min.html]
[francokees94.wixsite.com/portfolio/c53e42d7.min.html]
[francokees94.wixsite.com/portfolio/da6c52cb.min.html]
[francokees94.wixsite.com/portfolio/3d2759f7.min.html]
[francokees94.wixsite.com/portfolio/960c3a88.min.html]
[francokees94.wixsite.com/portfolio/390543ac.min.html]
[francokees94.wixsite.com/portfolio/2f9aeb85.min.html]
[francokees94.wixsite.com/portfolio/f36661fb.min.html]
[francokees94.wixsite.com/portfolio/aa613bd1.min.html]
[francokees94.wixsite.com/portfolio/395efea1.min.html]
[francokees94.wixsite.com/portfolio/6daaad8b.min.html]
[francokees94.wixsite.com/portfolio/bf91693c.min.html]
[francokees94.wixsite.com/portfolio/b4ae8803.min.html]
[francokees94.wixsite.com/portfolio/62ccedec.min.html]
[francokees94.wixsite.com/portfolio/ae08c227.min.html]
[francokees94.wixsite.com/portfolio/11f27093.min.html]
[francokees94.wixsite.com/portfolio/9b155e90.min.html]
[francokees94.wixsite.com/portfolio/4ec2545d.min.html]
[francokees94.wixsite.com/portfolio/1bbe301d.min.html]
[francokees94.wixsite.com/portfolio/e78a13b3.min.html]
[francokees94.wixsite.com/portfolio/b604fd33.min.html]
[francokees94.wixsite.com/portfolio/48c6d58d.min.html]
[francokees94.wixsite.com/portfolio/439c90c8.min.html]
[francokees94.wixsite.com/portfolio/cd69f57c.min.html]
[francokees94.wixsite.com/portfolio/bc223d50.min.html]
[francokees94.wixsite.com/portfolio/bc2466c0.min.html]
[francokees94.wixsite.com/portfolio/5d7b6bbf.min.html]
[francokees94.wixsite.com/portfolio/3fdab364.min.html]
[francokees94.wixsite.com/portfolio/20d93486.min.html]
[francokees94.wixsite.com/portfolio/9692b4a8.min.html]
[francokees94.wixsite.com/portfolio/914012ea.min.html]
[francokees94.wixsite.com/portfolio/ffa0eb8f.min.html]
[francokees94.wixsite.com/portfolio/fe8be6d6.min.html]
[francokees94.wixsite.com/portfolio/a28cca36.min.html]
[francokees94.wixsite.com/portfolio/02b07b80.min.html]
[francokees94.wixsite.com/portfolio/265e9a4a.min.html]
[francokees94.wixsite.com/portfolio/ff342417.min.html]
[francokees94.wixsite.com/portfolio/2a1582d7.min.html]
[francokees94.wixsite.com/portfolio/eb321d93.min.html]
[francokees94.wixsite.com/portfolio/06cfef68.min.html]
[francokees94.wixsite.com/portfolio/49a18e23.min.html]
[francokees94.wixsite.com/portfolio/2467b183.min.html]
[francokees94.wixsite.com/portfolio/f9fd7cbe.min.html]
[francokees94.wixsite.com/portfolio/e142d0f4.min.html]
[francokees94.wixsite.com/portfolio/96a73741.min.html]
[francokees94.wixsite.com/portfolio/4c758e80.min.html]
[francokees94.wixsite.com/portfolio/44b62fdc.min.html]
[francokees94.wixsite.com/portfolio/7f8c7c3e.min.html]
[francokees94.wixsite.com/portfolio/fbbc0ea4.min.html]
[francokees94.wixsite.com/portfolio/5d29307d.min.html]
[francokees94.wixsite.com/portfolio/85af43ab.min.html]
[francokees94.wixsite.com/portfolio/7010eb60.min.html]
[francokees94.wixsite.com/portfolio/566bec70.min.html]
[francokees94.wixsite.com/portfolio/fc40122e.min.html]
[francokees94.wixsite.com/portfolio/45242c23.min.html]
[francokees94.wixsite.com/portfolio/0efca64c.min.html]
[francokees94.wixsite.com/portfolio/42ccdc69.min.html]
[francokees94.wixsite.com/portfolio/4ea3b970.min.html]
[francokees94.wixsite.com/portfolio/0ee85551.min.html]
[francokees94.wixsite.com/portfolio/085f85ee.min.html]
[francokees94.wixsite.com/portfolio/fc21aae5.min.html]
[francokees94.wixsite.com/portfolio/641eb53d.min.html]
[francokees94.wixsite.com/portfolio/cabcae51.min.html]
[francokees94.wixsite.com/portfolio/b66c178d.min.html]
[francokees94.wixsite.com/portfolio/c7fdedca.min.html]
[francokees94.wixsite.com/portfolio/ce9dcea4.min.html]
[francokees94.wixsite.com/portfolio/bc497b45.min.html]
[francokees94.wixsite.com/portfolio/2acb415c.min.html]
[francokees94.wixsite.com/portfolio/7d6cd51b.min.html]
[francokees94.wixsite.com/portfolio/16e57088.min.html]
[francokees94.wixsite.com/portfolio/0a1c073a.min.html]
[francokees94.wixsite.com/portfolio/1ac8fc0f.min.html]
[francokees94.wixsite.com/portfolio/e5d84163.min.html]
[francokees94.wixsite.com/portfolio/d5f023bb.min.html]
[francokees94.wixsite.com/portfolio/d820de38.min.html]
[francokees94.wixsite.com/portfolio/012dc85e.min.html]
[francokees94.wixsite.com/portfolio/9d29a199.min.html]
[francokees94.wixsite.com/portfolio/381ee71b.min.html]
[francokees94.wixsite.com/portfolio/bf413556.min.html]
[francokees94.wixsite.com/portfolio/316080a6.min.html]
[francokees94.wixsite.com/portfolio/51a9742f.min.html]
[francokees94.wixsite.com/portfolio/bf732f1f.min.html]
[francokees94.wixsite.com/portfolio/99f4b3eb.min.html]
[francokees94.wixsite.com/portfolio/a545d558.min.html]
[francokees94.wixsite.com/portfolio/76eac8fb.min.html]
[francokees94.wixsite.com/portfolio/5346ce3f.min.html]
[francokees94.wixsite.com/portfolio/f658a9c4.min.html]
[francokees94.wixsite.com/portfolio/7c9ceb1e.min.html]
[francokees94.wixsite.com/portfolio/aa72298b.min.html]
[francokees94.wixsite.com/portfolio/6ea2cb1c.min.html]
[francokees94.wixsite.com/portfolio/a9c2732c.min.html]
[francokees94.wixsite.com/portfolio/93e61b80.min.html]
[francokees94.wixsite.com/portfolio/4bbd8d4f.min.html]
[francokees94.wixsite.com/portfolio/f4297adc.min.html]
[francokees94.wixsite.com/portfolio/f3af5621.min.html]
[francokees94.wixsite.com/portfolio/23167c06.min.html]
[francokees94.wixsite.com/portfolio/4c919285.min.html]
[francokees94.wixsite.com/portfolio/99e902d9.min.html]
[francokees94.wixsite.com/portfolio/7761d6fc.min.html]
[francokees94.wixsite.com/portfolio/164e68d9.min.html]
[francokees94.wixsite.com/portfolio/40e5d5cf.min.html]
[francokees94.wixsite.com/portfolio/7c602eb2.min.html]
[francokees94.wixsite.com/portfolio/6b4c7217.min.html]
[francokees94.wixsite.com/portfolio/5b26625f.min.html]
[francokees94.wixsite.com/portfolio/2e327647.min.html]
[francokees94.wixsite.com/portfolio/4a6a7fc9.min.html]
[francokees94.wixsite.com/portfolio/f52e40aa.min.html]
[francokees94.wixsite.com/portfolio/29ef3ea9.min.html]
[francokees94.wixsite.com/portfolio/8a33f286.min.html]
[francokees94.wixsite.com/portfolio/a1e4335b.min.html]
[francokees94.wixsite.com/portfolio/67b7c77e.min.html]
[francokees94.wixsite.com/portfolio/b8760986.min.html]
[francokees94.wixsite.com/portfolio/37bd0eeb.min.html]
[francokees94.wixsite.com/portfolio/8d04f72e.min.html]
[francokees94.wixsite.com/portfolio/84c587cd.min.html]
[francokees94.wixsite.com/portfolio/ba7d2620.min.html]
[francokees94.wixsite.com/portfolio/41f1fa78.min.html]
[francokees94.wixsite.com/portfolio/3e581339.min.html]
[francokees94.wixsite.com/portfolio/a2f0f523.min.html]
[francokees94.wixsite.com/portfolio/86aca973.min.html]
[francokees94.wixsite.com/portfolio/7c1692b1.min.html]
[francokees94.wixsite.com/portfolio/8005d5c1.min.html]
[francokees94.wixsite.com/portfolio/0e20a470.min.html]
[francokees94.wixsite.com/portfolio/c9b5bd15.min.html]
[francokees94.wixsite.com/portfolio/8c688a9d.min.html]
[francokees94.wixsite.com/portfolio/6b1e299b.min.html]
[francokees94.wixsite.com/portfolio/11d68990.min.html]
[francokees94.wixsite.com/portfolio/3f166307.min.html]
[francokees94.wixsite.com/portfolio/1355ec40.min.html]
[francokees94.wixsite.com/portfolio/48220e7a.min.html]
[francokees94.wixsite.com/portfolio/eca71e40.min.html]
[francokees94.wixsite.com/portfolio/024f5250.min.html]
[francokees94.wixsite.com/portfolio/54e8ad37.min.html]
[francokees94.wixsite.com/portfolio/c79634ce.min.html]
[francokees94.wixsite.com/portfolio/036d1c2c.min.html]
[francokees94.wixsite.com/portfolio/04c30725.min.html]
[francokees94.wixsite.com/portfolio/685dda1c.min.html]
[francokees94.wixsite.com/portfolio/ad3a6151.min.html]
[francokees94.wixsite.com/portfolio/b43bc41a.min.html]
[francokees94.wixsite.com/portfolio/aff3efe3.min.html]
[francokees94.wixsite.com/portfolio/44306cc3.min.html]
[francokees94.wixsite.com/portfolio/f08a1c03.min.html]
[francokees94.wixsite.com/portfolio/6818c64c.min.html]
[francokees94.wixsite.com/portfolio/4fa4a352.min.html]
[francokees94.wixsite.com/portfolio/97d7cd97.min.html]
[francokees94.wixsite.com/portfolio/a1e76019.min.html]
[francokees94.wixsite.com/portfolio/b4bc6361.min.html]
[francokees94.wixsite.com/portfolio/9eed3e82.min.html]
[francokees94.wixsite.com/portfolio/ce776e38.min.html]
[francokees94.wixsite.com/portfolio/4a43b954.min.html]
[francokees94.wixsite.com/portfolio/799d016a.min.html]
[francokees94.wixsite.com/portfolio/c434348a.min.html]
[francokees94.wixsite.com/portfolio/4038e1e2.min.html]
[francokees94.wixsite.com/portfolio/c24f5e69.min.html]
[francokees94.wixsite.com/portfolio/8ab00128.min.html]
[francokees94.wixsite.com/portfolio/45eee88d.min.html]
[francokees94.wixsite.com/portfolio/7df86004.min.html]
[francokees94.wixsite.com/portfolio/145b5660.min.html]
[francokees94.wixsite.com/portfolio/3e624017.min.html]
[francokees94.wixsite.com/portfolio/eb810a4a.min.html]
[francokees94.wixsite.com/portfolio/81ed76c3.min.html]
[francokees94.wixsite.com/portfolio/6fe867cc.min.html]
[francokees94.wixsite.com/portfolio/d1f9c7e6.min.html]
[francokees94.wixsite.com/portfolio/34377b4a.min.html]
[francokees94.wixsite.com/portfolio/36c7b16b.min.html]
[francokees94.wixsite.com/portfolio/b0da3a19.min.html]
[francokees94.wixsite.com/portfolio/70e8afa8.min.html]
[francokees94.wixsite.com/portfolio/9c39b1d1.min.html]
[francokees94.wixsite.com/portfolio/59f9faa0.min.html]
[francokees94.wixsite.com/portfolio/b92ba9ff.min.html]
[francokees94.wixsite.com/portfolio/91e61dab.min.html]
[francokees94.wixsite.com/portfolio/41f245d4.min.html]
[francokees94.wixsite.com/portfolio/e24e08e7.min.html]
[francokees94.wixsite.com/portfolio/a86a8070.min.html]
[francokees94.wixsite.com/portfolio/65997748.min.html]
[francokees94.wixsite.com/portfolio/13eb5276.min.html]
[francokees94.wixsite.com/portfolio/2978359e.min.html]
[francokees94.wixsite.com/portfolio/4b1f6567.min.html]
[francokees94.wixsite.com/portfolio/4e6fba8d.min.html]
[francokees94.wixsite.com/portfolio/883064bf.min.html]
[francokees94.wixsite.com/portfolio/55fd4990.min.html]
[francokees94.wixsite.com/portfolio/882dfccd.min.html]
[francokees94.wixsite.com/portfolio/70efe3c5.min.html]
[francokees94.wixsite.com/portfolio/6d011635.min.html]
[francokees94.wixsite.com/portfolio/af38aead.min.html]
[francokees94.wixsite.com/portfolio/39cfb47d.min.html]
[francokees94.wixsite.com/portfolio/1a1f2ab9.min.html]
[francokees94.wixsite.com/portfolio/5ed4e092.min.html]
[francokees94.wixsite.com/portfolio/75512b1a.min.html]
[francokees94.wixsite.com/portfolio/2a38244f.min.html]
[francokees94.wixsite.com/portfolio/837e8139.min.html]
[francokees94.wixsite.com/portfolio/f8ec65c6.min.html]
[francokees94.wixsite.com/portfolio/913e0517.min.html]
[francokees94.wixsite.com/portfolio/2ce475e3.min.html]
[francokees94.wixsite.com/portfolio/96f4b814.min.html]
[francokees94.wixsite.com/portfolio/efcd8729.min.html]
[francokees94.wixsite.com/portfolio/0ebb4539.min.html]
[francokees94.wixsite.com/portfolio/c9371416.min.html]
[francokees94.wixsite.com/portfolio/84fca3f0.min.html]
[francokees94.wixsite.com/portfolio/44b60e9d.min.html]
[francokees94.wixsite.com/portfolio/48e483a5.min.html]
[francokees94.wixsite.com/portfolio/100a01ba.min.html]
[francokees94.wixsite.com/portfolio/dba31346.min.html]
[francokees94.wixsite.com/portfolio/5a61fee8.min.html]
[francokees94.wixsite.com/portfolio/6010b816.min.html]
[francokees94.wixsite.com/portfolio/99e9084d.min.html]
[francokees94.wixsite.com/portfolio/39cdb6e7.min.html]
[francokees94.wixsite.com/portfolio/98f5e34d.min.html]
[francokees94.wixsite.com/portfolio/4bd62377.min.html]
[francokees94.wixsite.com/portfolio/f6b4449f.min.html]
[francokees94.wixsite.com/portfolio/692d3cfd.min.html]
[francokees94.wixsite.com/portfolio/dda10bbb.min.html]
[francokees94.wixsite.com/portfolio/826aa068.min.html]
[francokees94.wixsite.com/portfolio/71561e01.min.html]
[francokees94.wixsite.com/portfolio/2aa93db9.min.html]
[francokees94.wixsite.com/portfolio/ac1f0c83.min.html]
[francokees94.wixsite.com/portfolio/3fc3aa14.min.html]
[francokees94.wixsite.com/portfolio/eed9660c.min.html]
[francokees94.wixsite.com/portfolio/e98ddd9c.min.html]
[francokees94.wixsite.com/portfolio/9f54505f.min.html]
[francokees94.wixsite.com/portfolio/82a3c6bd.min.html]
[francokees94.wixsite.com/portfolio/959e5e9e.min.html]
[francokees94.wixsite.com/portfolio/c6933345.min.html]
[francokees94.wixsite.com/portfolio/7ac66a81.min.html]
[francokees94.wixsite.com/portfolio/7f6e9aff.min.html]
[francokees94.wixsite.com/portfolio/7197ceeb.min.html]
[francokees94.wixsite.com/portfolio/4d761874.min.html]
[francokees94.wixsite.com/portfolio/57ee110f.min.html]
[francokees94.wixsite.com/portfolio/723e4fed.min.html]
[francokees94.wixsite.com/portfolio/7d0d5475.min.html]
[francokees94.wixsite.com/portfolio/d9e9ecf4.min.html]
[francokees94.wixsite.com/portfolio/4d71157d.min.html]
[francokees94.wixsite.com/portfolio/30611ad6.min.html]
[francokees94.wixsite.com/portfolio/3107aee2.min.html]
[francokees94.wixsite.com/portfolio/add763df.min.html]
[francokees94.wixsite.com/portfolio/20a005d9.min.html]
[francokees94.wixsite.com/portfolio/f12c724d.min.html]
[francokees94.wixsite.com/portfolio/767a7565.min.html]
[francokees94.wixsite.com/portfolio/6dd0b2ab.min.html]
[francokees94.wixsite.com/portfolio/60e6c2a9.min.html]
[francokees94.wixsite.com/portfolio/6bd04466.min.html]
[francokees94.wixsite.com/portfolio/e356d735.min.html]
[francokees94.wixsite.com/portfolio/1fef0d1f.min.html]
[francokees94.wixsite.com/portfolio/4e9ee1a3.min.html]
[francokees94.wixsite.com/portfolio/8845e14b.min.html]
[francokees94.wixsite.com/portfolio/a7d5ac4b.min.html]
[francokees94.wixsite.com/portfolio/015a530e.min.html]
[francokees94.wixsite.com/portfolio/b6e3e82f.min.html]
[francokees94.wixsite.com/portfolio/731d5bce.min.html]
[francokees94.wixsite.com/portfolio/c61ac2b6.min.html]
[francokees94.wixsite.com/portfolio/c9d89f77.min.html]
[francokees94.wixsite.com/portfolio/77753e29.min.html]
[francokees94.wixsite.com/portfolio/2a3ba4df.min.html]
[francokees94.wixsite.com/portfolio/1150efce.min.html]
[francokees94.wixsite.com/portfolio/dbfd66d7.min.html]
[francokees94.wixsite.com/portfolio/e1813de1.min.html]
[francokees94.wixsite.com/portfolio/34b72cf9.min.html]
[francokees94.wixsite.com/portfolio/5d684912.min.html]
[francokees94.wixsite.com/portfolio/07d43a5b.min.html]
[francokees94.wixsite.com/portfolio/74e60b57.min.html]
[francokees94.wixsite.com/portfolio/71b202df.min.html]
[francokees94.wixsite.com/portfolio/1e24bd4a.min.html]
[francokees94.wixsite.com/portfolio/d078781b.min.html]
[francokees94.wixsite.com/portfolio/9a8b46cf.min.html]
[francokees94.wixsite.com/portfolio/f4071404.min.html]
[francokees94.wixsite.com/portfolio/a4efbb1a.min.html]
[francokees94.wixsite.com/portfolio/b69a6dca.min.html]
[francokees94.wixsite.com/portfolio/a8cea7d1.min.html]
[francokees94.wixsite.com/portfolio/9b7ffe32.min.html]
[francokees94.wixsite.com/portfolio/0e2bff6a.min.html]
[francokees94.wixsite.com/portfolio/8a3174ea.min.html]
[francokees94.wixsite.com/portfolio/56b396e1.min.html]
[francokees94.wixsite.com/portfolio/e31c9edb.min.html]
[francokees94.wixsite.com/portfolio/270ecc94.min.html]
[francokees94.wixsite.com/portfolio/aae8f9e8.min.html]
[francokees94.wixsite.com/portfolio/148a549f.min.html]
[francokees94.wixsite.com/portfolio/243dde79.min.html]
[francokees94.wixsite.com/portfolio/4b77444e.min.html]
[francokees94.wixsite.com/portfolio/debda15f.min.html]
[francokees94.wixsite.com/portfolio/c8e351db.min.html]
[francokees94.wixsite.com/portfolio/25adc72e.min.html]
[francokees94.wixsite.com/portfolio/ad3c03fe.min.html]
[francokees94.wixsite.com/portfolio/696515ba.min.html]
[francokees94.wixsite.com/portfolio/a6264646.chunk.min.html]
[francokees94.wixsite.com/portfolio/929216f3.chunk.min.html]
[francokees94.wixsite.com/portfolio/b67be98e.chunk.min.html]
[francokees94.wixsite.com/portfolio/9b7d0bb5.chunk.min.html]
[francokees94.wixsite.com/portfolio/rb_wixui.thunderbolt_bootstrap-classic.db48ef07.chunk.min.html]
[francokees94.wixsite.com/portfolio/rb_wixui.thunderbolt_bootstrap-responsive.a66c1914.chunk.min.html]
[francokees94.wixsite.com/portfolio/rb_wixui.thunderbolt_bootstrap-responsive.b67be98e.chunk.min.html]
[francokees94.wixsite.com/portfolio/rb_wixui.thunderbolt_common-site-members-dialogs.d78bf087.chunk.min.html]
[francokees94.wixsite.com/portfolio/rb_wixui.thunderbolt_common-site-members-dialogs.9b7d0bb5.chunk.min.html]
[francokees94.wixsite.com/portfolio/rb_wixui.thunderbolt_bootstrap.15f0deb3.chunk.min.html]
[francokees94.wixsite.com/portfolio/rb_wixui.thunderbolt_bootstrap.a6264646.chunk.min.html]
[francokees94.wixsite.com/portfolio/rb_wixui.corvid_core.6a57e989.chunk.min.html]
[francokees94.wixsite.com/portfolio/rb_wixui.thunderbolt_mobile.eea54e4b.chunk.min.html]
[francokees94.wixsite.com/portfolio/decodeURIComponent(e.html]
[francokees94.wixsite.com/portfolio/robots.html]
[francokees94.wixsite.com/portfolio/feed.html]
[francokees94.wixsite.com/portfolio/version/index.html]
[francokees94.wixsite.com/portfolio/proyecto-01c69a.html]
